Determining if the pthread_create exist failed with the following output:
Change Dir: /home/ahmad/Videos/PCL_Library/Workspace/PCL_Probabilistic_Robotic/PCL_Robotic/build/CMakeFiles/CMakeTmp

Run Build Command:"/usr/bin/make" "cmTC_ae67d/fast"
/usr/bin/make -f CMakeFiles/cmTC_ae67d.dir/build.make CMakeFiles/cmTC_ae67d.dir/build
make[1]: Entering directory '/home/ahmad/Videos/PCL_Library/Workspace/PCL_Probabilistic_Robotic/PCL_Robotic/build/CMakeFiles/CMakeTmp'
Building CXX object CMakeFiles/cmTC_ae67d.dir/CheckSymbolExists.cxx.o
/usr/bin/c++     -o CMakeFiles/cmTC_ae67d.dir/CheckSymbolExists.cxx.o -c /home/ahmad/Videos/PCL_Library/Workspace/PCL_Probabilistic_Robotic/PCL_Robotic/build/CMakeFiles/CMakeTmp/CheckSymbolExists.cxx
Linking CXX executable cmTC_ae67d
/usr/bin/cmake -E cmake_link_script CMakeFiles/cmTC_ae67d.dir/link.txt --verbose=1
/usr/bin/c++       -rdynamic CMakeFiles/cmTC_ae67d.dir/CheckSymbolExists.cxx.o  -o cmTC_ae67d 
CMakeFiles/cmTC_ae67d.dir/CheckSymbolExists.cxx.o: In function `main':
CheckSymbolExists.cxx:(.text+0x1b): undefined reference to `pthread_create'
collect2: error: ld returned 1 exit status
CMakeFiles/cmTC_ae67d.dir/build.make:97: recipe for target 'cmTC_ae67d' failed
make[1]: *** [cmTC_ae67d] Error 1
make[1]: Leaving directory '/home/ahmad/Videos/PCL_Library/Workspace/PCL_Probabilistic_Robotic/PCL_Robotic/build/CMakeFiles/CMakeTmp'
Makefile:126: recipe for target 'cmTC_ae67d/fast' failed
make: *** [cmTC_ae67d/fast] Error 2

File /home/ahmad/Videos/PCL_Library/Workspace/PCL_Probabilistic_Robotic/PCL_Robotic/build/CMakeFiles/CMakeTmp/CheckSymbolExists.cxx:
/* */
#include <pthread.h>

int main(int argc, char** argv)
{
  (void)argv;
#ifndef pthread_create
  return ((int*)(&pthread_create))[argc];
#else
  (void)argc;
  return 0;
#endif
}

Determining if the function pthread_create exists in the pthreads failed with the following output:
Change Dir: /home/ahmad/Videos/PCL_Library/Workspace/PCL_Probabilistic_Robotic/PCL_Robotic/build/CMakeFiles/CMakeTmp

Run Build Command:"/usr/bin/make" "cmTC_1d04c/fast"
/usr/bin/make -f CMakeFiles/cmTC_1d04c.dir/build.make CMakeFiles/cmTC_1d04c.dir/build
make[1]: Entering directory '/home/ahmad/Videos/PCL_Library/Workspace/PCL_Probabilistic_Robotic/PCL_Robotic/build/CMakeFiles/CMakeTmp'
Building CXX object CMakeFiles/cmTC_1d04c.dir/CheckFunctionExists.cxx.o
/usr/bin/c++    -DCHECK_FUNCTION_EXISTS=pthread_create   -o CMakeFiles/cmTC_1d04c.dir/CheckFunctionExists.cxx.o -c /home/ahmad/Videos/PCL_Library/Workspace/PCL_Probabilistic_Robotic/PCL_Robotic/build/CMakeFiles/CheckLibraryExists/CheckFunctionExists.cxx
Linking CXX executable cmTC_1d04c
/usr/bin/cmake -E cmake_link_script CMakeFiles/cmTC_1d04c.dir/link.txt --verbose=1
/usr/bin/c++   -DCHECK_FUNCTION_EXISTS=pthread_create    -rdynamic CMakeFiles/cmTC_1d04c.dir/CheckFunctionExists.cxx.o  -o cmTC_1d04c -lpthreads 
/usr/bin/ld: cannot find -lpthreads
collect2: error: ld returned 1 exit status
CMakeFiles/cmTC_1d04c.dir/build.make:97: recipe for target 'cmTC_1d04c' failed
make[1]: *** [cmTC_1d04c] Error 1
make[1]: Leaving directory '/home/ahmad/Videos/PCL_Library/Workspace/PCL_Probabilistic_Robotic/PCL_Robotic/build/CMakeFiles/CMakeTmp'
Makefile:126: recipe for target 'cmTC_1d04c/fast' failed
make: *** [cmTC_1d04c/fast] Error 2


